<?xml version="1.0" encoding="UTF-8"?>
<testng-results ignored="0" total="5" passed="4" failed="1" skipped="0">
  <reporter-output>
  </reporter-output>
  <suite started-at="2022-12-16T01:48:16 IST" name="Default suite" finished-at="2022-12-16T01:48:21 IST" duration-ms="5221">
    <groups>
    </groups>
    <test started-at="2022-12-16T01:48:16 IST" name="Default test" finished-at="2022-12-16T01:48:21 IST" duration-ms="5221">
      <class name="com.nest.scripts.TestClass">
        <test-method is-config="true" signature="intilization()[pri:0, instance:com.nest.scripts.TestClass@5af3afd9]" started-at="2022-12-16T01:48:12 IST" name="intilization" finished-at="2022-12-16T01:48:16 IST" duration-ms="4301" status="PASS">
          <reporter-output>
          </reporter-output>
        </test-method> <!-- intilization -->
        <test-method signature="InvaildCredentials()[pri:1, instance:com.nest.scripts.TestClass@5af3afd9]" started-at="2022-12-16T01:48:16 IST" name="InvaildCredentials" finished-at="2022-12-16T01:48:17 IST" duration-ms="1274" status="PASS">
          <reporter-output>
          </reporter-output>
        </test-method> <!-- InvaildCredentials -->
        <test-method signature="Credentials()[pri:2, instance:com.nest.scripts.TestClass@5af3afd9]" started-at="2022-12-16T01:48:17 IST" name="Credentials" finished-at="2022-12-16T01:48:18 IST" duration-ms="670" status="PASS">
          <reporter-output>
          </reporter-output>
        </test-method> <!-- Credentials -->
        <test-method signature="HomePageClicks()[pri:3, instance:com.nest.scripts.TestClass@5af3afd9]" started-at="2022-12-16T01:48:18 IST" name="HomePageClicks" finished-at="2022-12-16T01:48:19 IST" duration-ms="759" status="PASS">
          <reporter-output>
          </reporter-output>
        </test-method> <!-- HomePageClicks -->
        <test-method signature="AddEmployee()[pri:4, instance:com.nest.scripts.TestClass@5af3afd9]" started-at="2022-12-16T01:48:19 IST" name="AddEmployee" finished-at="2022-12-16T01:48:21 IST" duration-ms="1966" status="FAIL">
          <exception class="junit.framework.ComparisonFailure">
            <message>
              <![CDATA[expected:<......> but was:<...saju...>]]>
            </message>
            <full-stacktrace>
              <![CDATA[junit.framework.ComparisonFailure: expected:<......> but was:<...saju...>
at junit.framework.Assert.assertEquals(Assert.java:81)
at junit.framework.Assert.assertEquals(Assert.java:87)
at com.nest.scripts.TestClass.AddEmployee(TestClass.java:88)
at java.base/jdk.internal.reflect.DirectMethodHandleAccessor.invoke(DirectMethodHandleAccessor.java:104)
at java.base/java.lang.reflect.Method.invoke(Method.java:578)
at org.testng.internal.MethodInvocationHelper.invokeMethod(MethodInvocationHelper.java:133)
at org.testng.internal.TestInvoker.invokeMethod(TestInvoker.java:598)
at org.testng.internal.TestInvoker.invokeTestMethod(TestInvoker.java:173)
at org.testng.internal.MethodRunner.runInSequence(MethodRunner.java:46)
at org.testng.internal.TestInvoker$MethodInvocationAgent.invoke(TestInvoker.java:824)
at org.testng.internal.TestInvoker.invokeTestMethods(TestInvoker.java:146)
at org.testng.internal.TestMethodWorker.invokeTestMethods(TestMethodWorker.java:146)
at org.testng.internal.TestMethodWorker.run(TestMethodWorker.java:128)
at java.base/java.util.ArrayList.forEach(ArrayList.java:1511)
at org.testng.TestRunner.privateRun(TestRunner.java:794)
at org.testng.TestRunner.run(TestRunner.java:596)
at org.testng.SuiteRunner.runTest(SuiteRunner.java:377)
at org.testng.SuiteRunner.runSequentially(SuiteRunner.java:371)
at org.testng.SuiteRunner.privateRun(SuiteRunner.java:332)
at org.testng.SuiteRunner.run(SuiteRunner.java:276)
at org.testng.SuiteRunnerWorker.runSuite(SuiteRunnerWorker.java:53)
at org.testng.SuiteRunnerWorker.run(SuiteRunnerWorker.java:96)
at org.testng.TestNG.runSuitesSequentially(TestNG.java:1212)
at org.testng.TestNG.runSuitesLocally(TestNG.java:1134)
at org.testng.TestNG.runSuites(TestNG.java:1063)
at org.testng.TestNG.run(TestNG.java:1031)
at org.testng.remote.AbstractRemoteTestNG.run(AbstractRemoteTestNG.java:115)
at org.testng.remote.RemoteTestNG.initAndRun(RemoteTestNG.java:251)
at org.testng.remote.RemoteTestNG.main(RemoteTestNG.java:77)
]]>
            </full-stacktrace>
          </exception> <!-- junit.framework.ComparisonFailure -->
          <reporter-output>
          </reporter-output>
        </test-method> <!-- AddEmployee -->
        <test-method signature="ListEmployee()[pri:5, instance:com.nest.scripts.TestClass@5af3afd9]" started-at="2022-12-16T01:48:21 IST" name="ListEmployee" finished-at="2022-12-16T01:48:21 IST" duration-ms="505" status="PASS">
          <reporter-output>
          </reporter-output>
        </test-method> <!-- ListEmployee -->
      </class> <!-- com.nest.scripts.TestClass -->
    </test> <!-- Default test -->
  </suite> <!-- Default suite -->
</testng-results>
